<?xml version="1.0" encoding="UTF-8"?>
<!-- Generated by org.testng.reporters.JUnitXMLReporter -->
<testsuite ignored="0" hostname="ArunMotoori" failures="1" tests="3" name="Test" time="26.208" errors="0" timestamp="2022-09-09T11:26:05 IST">
  <testcase classname="tests.Login" name="testLogin" time="13.976">
    <failure type="java.lang.AssertionError" message="expected [true] but found [false]">
      <![CDATA[java.lang.AssertionError: expected [true] but found [false]
at tests.Login.testLogin(Login.java:64)
at java.base/java.util.ArrayList.forEach(ArrayList.java:1511)
... Removed 33 stack frames]]>
    </failure>
  </testcase> <!-- testLogin -->
  <testcase classname="tests.Login" name="testLogin" time="7.341"/>
  <testcase classname="tests.Login" name="testLogin" time="2.637"/>
</testsuite> <!-- Test -->
